[04:13:02] [main/INFO]: Loading Minecraft 1.20.1 with Fabric Loader 0.16.3
[04:13:02] [ForkJoinPool-1-worker-2/WARN]: Mod betterdogs_dtn uses the version ${version} which isn't compatible with Loader's extended semantic version format (Could not parse version number component '${version}'!), SemVer is recommended for reliably evaluating dependencies and prioritizing newer version
[04:13:03] [ForkJoinPool-1-worker-1/WARN]: Mod betterdogs_dtn uses the version ${version} which isn't compatible with Loader's extended semantic version format (Could not parse version number component '${version}'!), SemVer is recommended for reliably evaluating dependencies and prioritizing newer version
[04:13:03] [ForkJoinPool-1-worker-2/WARN]: The mod "dungeons_arise" contains invalid entries in its mod json:
- Unsupported root entry "credits" at line 12 column 12
[04:13:03] [main/WARN]: Mod resolution failed
[04:13:03] [main/INFO]: Immediate reason: [HARD_DEP_NO_CANDIDATE almanac 1.0.2 {depends fabricloader @ [>=0.16.5]}, ROOT_FORCELOAD_SINGLE almanac 1.0.2]
[04:13:03] [main/INFO]: Reason: [HARD_DEP almanac 1.0.2 {depends fabricloader @ [>=0.16.5]}, HARD_DEP letmedespawn 1.4.4 {depends fabricloader @ [>=0.16.5]}, HARD_DEP fastload_fapi_forward 1.0.2 {depends minecraft @ [1.18.2]}]
[04:13:03] [main/INFO]: SERVER environment disabled: [fabric-renderer-api-v1, entity_model_features, fabric-keybindings-v0, entity_texture_features, bendy-lib, modmenu, sodiumextras, fabric-screen-api-v1, fabric-renderer-indigo, brute_force_rendering_culling, collisionfix, fabric-sound-api-v1, fabric-rendering-v0, fabric-rendering-v1, fabric-key-binding-api-v1, spruceui, fabric-model-loading-api-v1, iris, moreculling, immediatelyfast, fabric-client-tags-api-v1, zume, enhancedblockentities, fabric-blockrenderlayer-v1, fabric-renderer-registries-v1, fabric-models-v0, embeddium, sodiumdynamiclights]
[04:13:03] [main/INFO]: Fix: add [], remove [], replace [[fabricloader 0.16.3] -> add:fabricloader 0.16.5 ([[0.16.5,∞)])]
[04:13:03] [main/ERROR]: Incompatible mods found!
net.fabricmc.loader.impl.FormattedException: Some of your mods are incompatible with the game or each other!
A potential solution has been determined, this may resolve your problem:
	 - Replace mod 'Fabric Loader' (fabricloader) 0.16.3 with version 0.16.5 or later.
More details:
	 - Mod 'Almanac' (almanac) 1.0.2 requires version 0.16.5 or later of mod 'Fabric Loader' (fabricloader), but only the wrong version is present: 0.16.3!
	 - Mod 'Let Me Despawn' (letmedespawn) 1.4.4 requires version 0.16.5 or later of mod 'Fabric Loader' (fabricloader), but only the wrong version is present: 0.16.3!
	 - Mod 'Fastload Fabric-api Forwarding' (fastload_fapi_forward) 1.0.2 requires version 1.18.2 of 'Minecraft' (minecraft), but only the wrong version is present: 1.20.1!
	at net.fabricmc.loader.impl.FormattedException.ofLocalized(FormattedException.java:51) ~[fabric-loader-0.16.3.jar:?]
	at net.fabricmc.loader.impl.FabricLoaderImpl.load(FabricLoaderImpl.java:196) ~[fabric-loader-0.16.3.jar:?]
	at net.fabricmc.loader.impl.launch.knot.Knot.init(Knot.java:146) ~[fabric-loader-0.16.3.jar:?]
	at net.fabricmc.loader.impl.launch.knot.Knot.launch(Knot.java:68) ~[fabric-loader-0.16.3.jar:?]
	at net.fabricmc.loader.impl.launch.knot.KnotServer.main(KnotServer.java:23) ~[fabric-loader-0.16.3.jar:?]
	at net.fabricmc.loader.impl.launch.server.FabricServerLauncher.main(FabricServerLauncher.java:69) ~[fabric-loader-0.16.3.jar:?]
	at net.fabricmc.installer.ServerLauncher.main(ServerLauncher.java:69) ~[fabric-server-launch.jar:1.0.1]
